SF:/mnt/c/Users/Bera/Desktop/ce100-final-ahmetbera-celik-cpp/src/hometracker/header/hometracker.h
DA:52,0
DA:51,0
DA:33,0
DA:34,0
DA:35,0
DA:36,0
DA:37,0
DA:38,0
DA:41,0
DA:46,0
DA:32,0
DA:15,0
DA:16,0
DA:17,0
DA:14,0
DA:21,0
DA:22,0
DA:20,0
DA:26,0
DA:27,0
DA:28,0
DA:29,0
DA:25,0
DA:13,0
DA:55,0
DA:56,0
DA:57,0
DA:59,0
DA:61,1
DA:63,0
DA:65,0
DA:67,0
DA:69,0
DA:71,0
DA:73,1
DA:75,1
DA:77,0
DA:79,0
DA:81,0
DA:83,0
DA:85,0
DA:87,0
DA:89,0
DA:91,0
DA:93,0
DA:95,0
DA:97,0
DA:99,0
DA:101,0
DA:103,0
DA:105,0
DA:107,0
DA:109,0
DA:111,0
DA:113,0
DA:115,0
DA:117,0
DA:119,0
DA:121,0
DA:123,0
DA:125,0
DA:1,1
end_of_record
SF:/mnt/c/Users/Bera/Desktop/ce100-final-ahmetbera-celik-cpp/README.md
DA:1,0
end_of_record
SF:/mnt/c/Users/Bera/Desktop/ce100-final-ahmetbera-celik-cpp/src/hometracker/src/hometracker.cpp
DA:10,0
DA:11,0
DA:13,0
DA:14,0
DA:15,0
DA:16,0
DA:17,1
DA:18,0
DA:19,0
DA:21,0
DA:35,1
DA:85,0
DA:92,0
DA:104,0
DA:114,0
DA:118,0
DA:132,1
DA:149,1
DA:242,0
DA:264,0
DA:277,0
DA:310,0
DA:333,0
DA:357,0
DA:375,0
DA:401,0
DA:428,0
DA:451,0
DA:467,0
DA:497,0
DA:526,0
DA:543,0
DA:552,0
DA:593,0
DA:601,0
DA:607,0
DA:651,0
DA:767,0
DA:805,0
DA:823,0
DA:830,0
DA:843,0
DA:864,0
DA:1,0
end_of_record
SF:/mnt/c/Users/Bera/Desktop/ce100-final-ahmetbera-celik-cpp/src/hometrackerapp/header/hometrackerapp.h
DA:1,1
end_of_record
SF:/mnt/c/Users/Bera/Desktop/ce100-final-ahmetbera-celik-cpp/src/hometrackerapp/src/hometrackerapp.cpp
DA:13,0
DA:1,1
end_of_record
SF:/mnt/c/Users/Bera/Desktop/ce100-final-ahmetbera-celik-cpp/src/utility/header/commonTypes.h
DA:1,0
end_of_record
SF:/mnt/c/Users/Bera/Desktop/ce100-final-ahmetbera-celik-cpp/src/utility/header/mathUtility.h
DA:1,0
end_of_record
SF:/mnt/c/Users/Bera/Desktop/ce100-final-ahmetbera-celik-cpp/src/utility/src/mathUtility.cpp
DA:1,0
end_of_record
