SF:/mnt/c/Users/Bera/Desktop/ce100-final-ahmetbera-celik-cpp/src/tests/hometracker/hometracker_test.cpp
DA:8,0
DA:9,0
DA:10,0
DA:15,0
DA:18,0
DA:6,0
DA:24,0
DA:33,0
DA:42,0
DA:51,0
DA:60,0
DA:69,0
DA:78,0
DA:92,0
DA:101,0
DA:116,0
DA:131,0
DA:140,0
DA:151,0
DA:163,0
DA:176,0
DA:195,0
DA:201,0
DA:211,0
DA:220,0
DA:229,0
DA:238,0
DA:246,0
DA:254,0
DA:264,0
DA:274,0
DA:284,0
DA:294,0
DA:312,1
DA:1,0
end_of_record
SF:/mnt/c/Users/Bera/Desktop/ce100-final-ahmetbera-celik-cpp/[generated]
DA:1,0
end_of_record
SF:/mnt/c/Users/Bera/Desktop/ce100-final-ahmetbera-celik-cpp/README.md
DA:1,0
end_of_record
SF:/mnt/c/Users/Bera/Desktop/ce100-final-ahmetbera-celik-cpp/src/tests/utility/utility_test.cpp
DA:1,0
end_of_record
